<?xml version="1.0" encoding="UTF-8"?>
<!-- Generated by org.testng.reporters.JUnitXMLReporter -->
<testsuite ignored="0" hostname="User" failures="0" tests="4" name="Default test" time="42.535" errors="0" timestamp="2021-07-07T20:41:14 EDT">
  <testcase classname="test.LoginFunctionalityTest" name="positiveLoginFunctionalityTest" time="2.143"/>
  <testcase classname="test.LoginFunctionalityTest" name="positiveLoginFunctionalityTest" time="1.655"/>
  <testcase classname="test.LoginFunctionalityTest" name="positiveLoginFunctionalityTest" time="2.015"/>
  <testcase classname="test.LoginFunctionalityTest" name="positiveLoginFunctionalityTest" time="2.103"/>
</testsuite> <!-- Default test -->
